[19:49:03] [main/INFO] (FabricLoader/GameProvider) Loading Minecraft 1.20.1 with Fabric Loader 0.16.14
[19:49:03] [main/INFO] (FabricLoader) Loading 59 mods:
	- fabric-api 0.92.6+1.20.1
	- fabric-api-base 0.4.32+1802ada577
	- fabric-api-lookup-api-v1 1.6.37+1802ada577
	- fabric-biome-api-v1 13.0.14+1802ada577
	- fabric-block-api-v1 1.0.12+1802ada577
	- fabric-block-view-api-v2 1.0.3+924f046a77
	- fabric-blockrenderlayer-v1 1.1.42+1802ada577
	- fabric-client-tags-api-v1 1.1.3+1802ada577
	- fabric-command-api-v1 1.2.35+f71b366f77
	- fabric-command-api-v2 2.2.14+1802ada577
	- fabric-commands-v0 0.2.52+df3654b377
	- fabric-containers-v0 0.1.67+df3654b377
	- fabric-content-registries-v0 4.0.13+1802ada577
	- fabric-convention-tags-v1 1.5.6+1802ada577
	- fabric-crash-report-info-v1 0.2.20+1802ada577
	- fabric-data-attachment-api-v1 1.0.2+de0fd6d177
	- fabric-data-generation-api-v1 12.3.7+1802ada577
	- fabric-dimensions-v1 2.1.55+1802ada577
	- fabric-entity-events-v1 1.6.1+1c78457f77
	- fabric-events-interaction-v0 0.6.5+13a40c6677
	- fabric-events-lifecycle-v0 0.2.64+df3654b377
	- fabric-game-rule-api-v1 1.0.41+1802ada577
	- fabric-gametest-api-v1 1.2.15+1802ada577
	- fabric-item-api-v1 2.1.29+1802ada577
	- fabric-item-group-api-v1 4.0.14+1802ada577
	- fabric-key-binding-api-v1 1.0.38+1802ada577
	- fabric-keybindings-v0 0.2.36+df3654b377
	- fabric-lifecycle-events-v1 2.2.23+1802ada577
	- fabric-loot-api-v2 1.2.3+1802ada577
	- fabric-loot-tables-v1 1.1.47+9e7660c677
	- fabric-message-api-v1 5.1.10+1802ada577
	- fabric-mining-level-api-v1 2.1.52+1802ada577
	- fabric-model-loading-api-v1 1.0.4+1802ada577
	- fabric-models-v0 0.4.3+9386d8a777
	- fabric-networking-api-v1 1.3.14+a158aa0477
	- fabric-networking-v0 0.3.54+df3654b377
	- fabric-object-builder-api-v1 11.1.5+e35120df77
	- fabric-particles-v1 1.1.3+1802ada577
	- fabric-recipe-api-v1 1.0.24+1802ada577
	- fabric-registry-sync-v0 2.3.6+1802ada577
	- fabric-renderer-api-v1 3.2.2+1802ada577
	- fabric-renderer-indigo 1.5.3+85287f9f77
	- fabric-renderer-registries-v1 3.2.47+df3654b377
	- fabric-rendering-data-attachment-v1 0.3.39+92a0d36777
	- fabric-rendering-fluids-v1 3.0.29+1802ada577
	- fabric-rendering-v0 1.1.50+df3654b377
	- fabric-rendering-v1 3.0.9+1802ada577
	- fabric-resource-conditions-api-v1 2.3.9+1802ada577
	- fabric-resource-loader-v0 0.11.12+fb82e9d777
	- fabric-screen-api-v1 2.0.9+1802ada577
	- fabric-screen-handler-api-v1 1.3.33+1802ada577
	- fabric-sound-api-v1 1.0.14+1802ada577
	- fabric-transfer-api-v1 3.3.6+8dd72ea377
	- fabric-transitive-access-wideners-v1 4.3.2+1802ada577
	- fabricloader 0.16.14
	- java 21
	- minecraft 1.20.1
	- mixinextras 0.4.1
	- tesseracts 1.0.0
[19:49:03] [main/INFO] (FabricLoader/Mixin) SpongePowered MIXIN Subsystem Version=0.8.7 Source=file:/C:/Users/md709/.gradle/caches/modules-2/files-2.1/net.fabricmc/sponge-mixin/0.15.5+mixin.0.8.7/22f9eb729e216a091673a574a5906dc1b9027fb3/sponge-mixin-0.15.5+mixin.0.8.7.jar Service=Knot/Fabric Env=CLIENT
[19:49:04] [main/INFO] (FabricLoader/Mixin) Loaded Fabric development mappings for mixin remapper!
[19:49:04] [main/INFO] (FabricLoader/Mixin) Compatibility level set to JAVA_16
[19:49:04] [main/INFO] (FabricLoader/Mixin) Compatibility level set to JAVA_17
[19:49:05] [main/INFO] (FabricLoader/MixinExtras|Service) Initializing MixinExtras via com.llamalad7.mixinextras.service.MixinExtrasServiceImpl(version=0.4.1).
[19:49:10] [Datafixer Bootstrap/INFO] (Minecraft) 188 Datafixer optimizations took 147 milliseconds
[19:49:12] [Render thread/INFO] (Minecraft) [STDERR]: [LWJGL] [ThreadLocalUtil] Unsupported JNI version detected, this may result in a crash. Please inform LWJGL developers.
[19:49:12] [Render thread/INFO] (Minecraft) Environment: authHost='https://authserver.mojang.com', accountsHost='https://api.mojang.com', sessionHost='https://sessionserver.mojang.com', servicesHost='https://api.minecraftservices.com', name='PROD'
[19:49:13] [Render thread/ERROR] (Minecraft) Failed to verify authentication
com.mojang.authlib.exceptions.InvalidCredentialsException: Status: 401
	at com.mojang.authlib.exceptions.MinecraftClientHttpException.toAuthenticationException(MinecraftClientHttpException.java:56) ~[authlib-4.0.43.jar:?]
	at com.mojang.authlib.yggdrasil.YggdrasilUserApiService.fetchProperties(YggdrasilUserApiService.java:156) ~[authlib-4.0.43.jar:?]
	at com.mojang.authlib.yggdrasil.YggdrasilUserApiService.<init>(YggdrasilUserApiService.java:55) ~[authlib-4.0.43.jar:?]
	at com.mojang.authlib.yggdrasil.YggdrasilAuthenticationService.createUserApiService(YggdrasilAuthenticationService.java:124) ~[authlib-4.0.43.jar:?]
	at net.minecraft.client.MinecraftClient.createUserApiService(MinecraftClient.java:733) ~[minecraft-clientOnly-7787b014d4-1.20.1-net.fabricmc.yarn.1_20_1.1.20.1+build.10-v2.jar:?]
	at net.minecraft.client.MinecraftClient.<init>(MinecraftClient.java:442) ~[minecraft-clientOnly-7787b014d4-1.20.1-net.fabricmc.yarn.1_20_1.1.20.1+build.10-v2.jar:?]
	at net.minecraft.client.main.Main.main(Main.java:211) ~[minecraft-clientOnly-7787b014d4-1.20.1-net.fabricmc.yarn.1_20_1.1.20.1+build.10-v2.jar:?]
	at net.fabricmc.loader.impl.game.minecraft.MinecraftGameProvider.launch(MinecraftGameProvider.java:480) ~[fabric-loader-0.16.14.jar:?]
	at net.fabricmc.loader.impl.launch.knot.Knot.launch(Knot.java:74) ~[fabric-loader-0.16.14.jar:?]
	at net.fabricmc.loader.impl.launch.knot.KnotClient.main(KnotClient.java:23) ~[fabric-loader-0.16.14.jar:?]
	at net.fabricmc.devlaunchinjector.Main.main(Main.java:86) ~[dev-launch-injector-0.2.1+build.8.jar:?]
Caused by: com.mojang.authlib.exceptions.MinecraftClientHttpException: Status: 401
	at com.mojang.authlib.minecraft.client.MinecraftClient.readInputStream(MinecraftClient.java:85) ~[authlib-4.0.43.jar:?]
	at com.mojang.authlib.minecraft.client.MinecraftClient.get(MinecraftClient.java:48) ~[authlib-4.0.43.jar:?]
	at com.mojang.authlib.yggdrasil.YggdrasilUserApiService.fetchProperties(YggdrasilUserApiService.java:129) ~[authlib-4.0.43.jar:?]
	... 9 more
[19:49:13] [Render thread/INFO] (Minecraft) Setting user: Player513
[19:49:13] [Render thread/INFO] (Minecraft) [STDOUT]: 4D Tesseract Mod initialized!
[19:49:13] [Render thread/INFO] (Indigo) [Indigo] Registering Indigo renderer!
[19:49:14] [Render thread/INFO] (Minecraft) Backend library: LWJGL version 3.3.2-snapshot
[19:49:15] [Render thread/INFO] (Minecraft) Reloading ResourceManager: vanilla, fabric (fabric-data-generation-api-v1, fabric-registry-sync-v0, fabric-command-api-v1, fabric-game-rule-api-v1, fabric-key-binding-api-v1, fabricloader, fabric-block-view-api-v2, fabric-lifecycle-events-v1, fabric-networking-v0, fabric-particles-v1, fabric-content-registries-v0, fabric-renderer-registries-v1, fabric-sound-api-v1, fabric-rendering-v1, fabric-loot-api-v2, fabric-recipe-api-v1, fabric-api-lookup-api-v1, fabric-biome-api-v1, fabric-events-lifecycle-v0, fabric-transitive-access-wideners-v1, fabric-command-api-v2, fabric-dimensions-v1, fabric-api-base, fabric-blockrenderlayer-v1, fabric-renderer-api-v1, fabric-entity-events-v1, fabric-model-loading-api-v1, fabric-transfer-api-v1, fabric-item-group-api-v1, fabric-resource-conditions-api-v1, tesseracts, fabric-item-api-v1, fabric-message-api-v1, fabric-gametest-api-v1, fabric-block-api-v1, fabric-rendering-data-attachment-v1, fabric-screen-handler-api-v1, fabric-convention-tags-v1, fabric-containers-v0, fabric-models-v0, fabric-client-tags-api-v1, fabric-keybindings-v0, fabric-events-interaction-v0, fabric-commands-v0, fabric-renderer-indigo, fabric-screen-api-v1, fabric-data-attachment-api-v1, fabric-resource-loader-v0, fabric-api, fabric-crash-report-info-v1, fabric-mining-level-api-v1, fabric-rendering-v0, fabric-networking-api-v1, fabric-loot-tables-v1, fabric-rendering-fluids-v1, fabric-object-builder-api-v1)
[19:49:15] [Worker-Main-4/INFO] (Minecraft) Found unifont_all_no_pua-15.0.06.hex, loading
[19:49:15] [Realms Notification Availability checker #1/INFO] (Minecraft) Could not authorize you against Realms server: java.lang.RuntimeException: Failed to parse into SignedJWT: FabricMC
[19:49:16] [Worker-Main-5/WARN] (Minecraft) Exception loading blockstate definition: 'tesseract_mod:blockstates/tesseract_block.json' missing model for variant: 'tesseract_mod:tesseract_block#'
[19:49:17] [Render thread/WARN] (Minecraft) Missing sound for event: minecraft:item.goat_horn.play
[19:49:17] [Render thread/WARN] (Minecraft) Missing sound for event: minecraft:entity.goat.screaming.horn_break
[19:49:17] [Render thread/INFO] (Minecraft) OpenAL initialized on device OpenAL Soft on 스피커(HK Luna)
[19:49:17] [Render thread/INFO] (Minecraft) Sound engine started
[19:49:17] [Render thread/INFO] (Minecraft) Created: 1024x512x4 minecraft:textures/atlas/blocks.png-atlas
[19:49:17] [Render thread/INFO] (Minecraft) Created: 256x256x4 minecraft:textures/atlas/signs.png-atlas
[19:49:17] [Render thread/INFO] (Minecraft) Created: 512x512x4 minecraft:textures/atlas/shield_patterns.png-atlas
[19:49:17] [Render thread/INFO] (Minecraft) Created: 512x512x4 minecraft:textures/atlas/banner_patterns.png-atlas
[19:49:17] [Render thread/INFO] (Minecraft) Created: 1024x1024x4 minecraft:textures/atlas/armor_trims.png-atlas
[19:49:17] [Render thread/INFO] (Minecraft) Created: 256x256x4 minecraft:textures/atlas/chest.png-atlas
[19:49:17] [Render thread/INFO] (Minecraft) Created: 128x64x4 minecraft:textures/atlas/decorated_pot.png-atlas
[19:49:17] [Render thread/INFO] (Minecraft) Created: 512x256x4 minecraft:textures/atlas/beds.png-atlas
[19:49:17] [Render thread/INFO] (Minecraft) Created: 512x256x4 minecraft:textures/atlas/shulker_boxes.png-atlas
[19:49:17] [Render thread/WARN] (Minecraft) Shader rendertype_entity_translucent_emissive could not find sampler named Sampler2 in the specified shader program.
[19:49:17] [Render thread/INFO] (Minecraft) Created: 256x256x0 minecraft:textures/atlas/particles.png-atlas
[19:49:17] [Render thread/INFO] (Minecraft) Created: 256x256x0 minecraft:textures/atlas/paintings.png-atlas
[19:49:17] [Render thread/INFO] (Minecraft) Created: 128x128x0 minecraft:textures/atlas/mob_effects.png-atlas
[19:49:24] [Render thread/INFO] (Minecraft) Loaded 7 recipes
[19:49:25] [Render thread/INFO] (Minecraft) Loaded 1272 advancements
[19:51:25] [Render thread/INFO] (BiomeModificationImpl) Applied 0 biome modifications to 0 of 64 new biomes in 3.161 ms
[19:51:25] [Server thread/INFO] (Minecraft) Starting integrated minecraft server version 1.20.1
[19:51:25] [Server thread/INFO] (Minecraft) Generating keypair
[19:51:29] [Server thread/INFO] (Minecraft) Preparing start region for dimension minecraft:overworld
[19:51:29] [Render thread/INFO] (Minecraft) 스폰 영역 준비 중: 0%
[19:51:29] [Render thread/INFO] (Minecraft) 스폰 영역 준비 중: 0%
[19:51:30] [Render thread/INFO] (Minecraft) 스폰 영역 준비 중: 0%
[19:51:30] [Render thread/INFO] (Minecraft) 스폰 영역 준비 중: 0%
[19:51:31] [Render thread/INFO] (Minecraft) 스폰 영역 준비 중: 1%
[19:51:31] [Render thread/INFO] (Minecraft) 스폰 영역 준비 중: 3%
[19:51:32] [Render thread/INFO] (Minecraft) 스폰 영역 준비 중: 4%
[19:51:32] [Render thread/INFO] (Minecraft) 스폰 영역 준비 중: 7%
[19:51:33] [Render thread/INFO] (Minecraft) 스폰 영역 준비 중: 8%
[19:51:33] [Render thread/INFO] (Minecraft) 스폰 영역 준비 중: 11%
[19:51:34] [Render thread/INFO] (Minecraft) 스폰 영역 준비 중: 14%
[19:51:34] [Render thread/INFO] (Minecraft) 스폰 영역 준비 중: 17%
[19:51:35] [Render thread/INFO] (Minecraft) 스폰 영역 준비 중: 19%
[19:51:35] [Render thread/INFO] (Minecraft) 스폰 영역 준비 중: 22%
[19:51:36] [Render thread/INFO] (Minecraft) 스폰 영역 준비 중: 25%
[19:51:36] [Render thread/INFO] (Minecraft) 스폰 영역 준비 중: 29%
[19:51:37] [Render thread/INFO] (Minecraft) 스폰 영역 준비 중: 31%
[19:51:37] [Render thread/INFO] (Minecraft) 스폰 영역 준비 중: 36%
[19:51:38] [Render thread/INFO] (Minecraft) 스폰 영역 준비 중: 39%
[19:51:38] [Render thread/INFO] (Minecraft) 스폰 영역 준비 중: 42%
[19:51:39] [Render thread/INFO] (Minecraft) 스폰 영역 준비 중: 47%
[19:51:39] [Render thread/INFO] (Minecraft) 스폰 영역 준비 중: 50%
[19:51:40] [Render thread/INFO] (Minecraft) 스폰 영역 준비 중: 54%
[19:51:40] [Render thread/INFO] (Minecraft) 스폰 영역 준비 중: 58%
[19:51:41] [Render thread/INFO] (Minecraft) 스폰 영역 준비 중: 61%
[19:51:41] [Render thread/INFO] (Minecraft) 스폰 영역 준비 중: 65%
[19:51:43] [Render thread/INFO] (Minecraft) 스폰 영역 준비 중: 65%
[19:51:43] [Render thread/INFO] (Minecraft) 스폰 영역 준비 중: 65%
[19:51:43] [Render thread/INFO] (Minecraft) 스폰 영역 준비 중: 66%
[19:51:43] [Render thread/INFO] (Minecraft) 스폰 영역 준비 중: 67%
[19:51:44] [Render thread/INFO] (Minecraft) 스폰 영역 준비 중: 68%
[19:51:44] [Render thread/INFO] (Minecraft) 스폰 영역 준비 중: 73%
[19:51:45] [Render thread/INFO] (Minecraft) 스폰 영역 준비 중: 76%
[19:51:45] [Render thread/INFO] (Minecraft) 스폰 영역 준비 중: 81%
[19:51:46] [Render thread/INFO] (Minecraft) 스폰 영역 준비 중: 84%
[19:51:46] [Render thread/INFO] (Minecraft) 스폰 영역 준비 중: 87%
[19:51:47] [Render thread/INFO] (Minecraft) 스폰 영역 준비 중: 92%
[19:51:47] [Render thread/INFO] (Minecraft) 스폰 영역 준비 중: 97%
[19:51:48] [Render thread/INFO] (Minecraft) Time elapsed: 18823 ms
[19:51:48] [Server thread/INFO] (Minecraft) Changing view distance to 12, from 10
[19:51:48] [Server thread/INFO] (Minecraft) Changing simulation distance to 12, from 0
[19:51:48] [Server thread/INFO] (Minecraft) Player513[local:E:8e2fea03] logged in with entity id 161 at (86.5, 75.0, -15.5)
[19:51:48] [Server thread/INFO] (Minecraft) Player513이(가) 게임에 참여했습니다
[19:51:49] [Render thread/INFO] (Minecraft) Loaded 2 advancements
[19:52:07] [Server thread/INFO] (Minecraft) [Player513: Player513에게 tesseracts:recipes/misc/tesseract_block 발전 과제를 승인했습니다]
[19:52:07] [Render thread/INFO] (Minecraft) [System] [CHAT] Player513에게 tesseracts:recipes/misc/tesseract_block 발전 과제를 승인했습니다
[19:52:07] [Render thread/INFO] (Minecraft) Loaded 3 advancements
[19:52:16] [Server thread/INFO] (Minecraft) Player513이(가) [다이아몬드다!] 발전 과제를 달성했습니다
[19:52:16] [Render thread/INFO] (Minecraft) [System] [CHAT] Player513이(가) [다이아몬드다!] 발전 과제를 달성했습니다
[19:52:16] [Render thread/INFO] (Minecraft) Loaded 22 advancements
[19:52:17] [Render thread/INFO] (Minecraft) Loaded 23 advancements
[19:52:23] [Render thread/INFO] (Minecraft) Loaded 23 advancements
[19:53:12] [Server thread/INFO] (Minecraft) [Player513: Player513의 슬롯을 [block.tesseract_mod.tesseract_block](으)로 바꿨습니다]
[19:53:12] [Render thread/INFO] (Minecraft) [System] [CHAT] Player513의 슬롯을 [block.tesseract_mod.tesseract_block](으)로 바꿨습니다
[19:53:27] [Server thread/INFO] (Minecraft) Saving and pausing game...
[19:53:27] [Server thread/INFO] (Minecraft) Saving chunks for level 'ServerLevel[새로운 세계]'/minecraft:overworld
[19:53:27] [Server thread/INFO] (Minecraft) Saving chunks for level 'ServerLevel[새로운 세계]'/minecraft:the_nether
[19:53:27] [Server thread/INFO] (Minecraft) Saving chunks for level 'ServerLevel[새로운 세계]'/minecraft:the_end
[19:53:28] [Server thread/INFO] (Minecraft) Player513 lost connection: 연결 끊김
[19:53:28] [Server thread/INFO] (Minecraft) Player513이(가) 게임을 떠났습니다
[19:53:28] [Server thread/INFO] (Minecraft) Stopping singleplayer server as player logged out
[19:53:28] [Server thread/INFO] (Minecraft) Stopping server
[19:53:28] [Server thread/INFO] (Minecraft) Saving players
[19:53:28] [Server thread/INFO] (Minecraft) Saving worlds
[19:53:28] [Server thread/INFO] (Minecraft) Saving chunks for level 'ServerLevel[새로운 세계]'/minecraft:overworld
[19:54:40] [Server thread/INFO] (Minecraft) Saving chunks for level 'ServerLevel[새로운 세계]'/minecraft:the_nether
[19:54:40] [Server thread/INFO] (Minecraft) Saving chunks for level 'ServerLevel[새로운 세계]'/minecraft:the_end
[19:54:40] [Server thread/INFO] (Minecraft) ThreadedAnvilChunkStorage (새로운 세계 (3)): All chunks are saved
[19:54:40] [Server thread/INFO] (Minecraft) ThreadedAnvilChunkStorage (DIM-1): All chunks are saved
[19:54:40] [Server thread/INFO] (Minecraft) ThreadedAnvilChunkStorage (DIM1): All chunks are saved
[19:54:40] [Server thread/INFO] (Minecraft) ThreadedAnvilChunkStorage: All dimensions are saved
[19:59:03] [Render thread/INFO] (Minecraft) Stopping!
